<?xml version="1.0" encoding="UTF-8"?>
<!-- Generated by org.testng.reporters.JUnitReportReporter -->
<testsuite hostname="LAPTOP-C2JCA4PK" failures="0" tests="4" name="MySpiceProject.BookFlight" time="0.008" errors="0" timestamp="04 Nov 2024 01:19:50 GMT" skipped="1">
  <testcase classname="MySpiceProject.BookFlight" name="Booking_RoundTrip_TestCase2" time="0.001"/>
  <testcase classname="MySpiceProject.BookFlight" name="Booking_OneWay_TestCase3" time="0.006"/>
  <testcase classname="MySpiceProject.BookFlight" name="Booking_RoundTrip_TestCase1" time="0.001"/>
  <testcase classname="MySpiceProject.BookFlight" name="Booking_OneWay_TestCase4">
    <skipped/>
  </testcase> <!-- Booking_OneWay_TestCase4 -->
</testsuite> <!-- MySpiceProject.BookFlight -->
