<?xml version="1.0" encoding="UTF-8"?>
<!-- Generated by org.testng.reporters.JUnitReportReporter -->
<testsuite hostname="LAPTOP-C2JCA4PK" failures="0" tests="39" name="unit_testing.TestDanhGia" time="0.055" errors="0" timestamp="23 Nov 2024 20:40:27 GMT" skipped="0">
  <testcase classname="unit_testing.TestDanhGia" name="TestXepHang" time="0.003"/>
  <testcase classname="unit_testing.TestDanhGia" name="TestXepHang" time="0.001"/>
  <testcase classname="unit_testing.TestDanhGia" name="TestXepHang" time="0.001"/>
  <testcase classname="unit_testing.TestDanhGia" name="TestXepHang" time="0.000"/>
  <testcase classname="unit_testing.TestDanhGia" name="TestXepHang" time="0.001"/>
  <testcase classname="unit_testing.TestDanhGia" name="TestDiemChu" time="0.014"/>
  <testcase classname="unit_testing.TestDanhGia" name="TestXepHang" time="0.000"/>
  <testcase classname="unit_testing.TestDanhGia" name="TestDiemChu" time="0.002"/>
  <testcase classname="unit_testing.TestDanhGia" name="TestDiemChu" time="0.000"/>
  <testcase classname="unit_testing.TestDanhGia" name="TestXepHang" time="0.002"/>
  <testcase classname="unit_testing.TestDanhGia" name="TestXepHang" time="0.001"/>
  <testcase classname="unit_testing.TestDanhGia" name="TestDiemChu" time="0.000"/>
  <testcase classname="unit_testing.TestDanhGia" name="TestDiemChu" time="0.001"/>
  <testcase classname="unit_testing.TestDanhGia" name="TestDiemChu" time="0.001"/>
  <testcase classname="unit_testing.TestDanhGia" name="TestXepHang" time="0.001"/>
  <testcase classname="unit_testing.TestDanhGia" name="TestDiemChu" time="0.002"/>
  <testcase classname="unit_testing.TestDanhGia" name="TestXepHang" time="0.001"/>
  <testcase classname="unit_testing.TestDanhGia" name="TestXepHang" time="0.002"/>
  <testcase classname="unit_testing.TestDanhGia" name="TestXepHang" time="0.000"/>
  <testcase classname="unit_testing.TestDanhGia" name="TestDiemChu" time="0.001"/>
  <testcase classname="unit_testing.TestDanhGia" name="TestDiemChu" time="0.001"/>
  <testcase classname="unit_testing.TestDanhGia" name="TestDiemChu" time="0.001"/>
  <testcase classname="unit_testing.TestDanhGia" name="TestDiemChu" time="0.001"/>
  <testcase classname="unit_testing.TestDanhGia" name="TestDiemChu" time="0.002"/>
  <testcase classname="unit_testing.TestDanhGia" name="TestDiemChu" time="0.001"/>
  <testcase classname="unit_testing.TestDanhGia" name="TestDiemChu" time="0.001"/>
  <testcase classname="unit_testing.TestDanhGia" name="TestDiemChu" time="0.001"/>
  <testcase classname="unit_testing.TestDanhGia" name="TestDiemChu" time="0.001"/>
  <testcase classname="unit_testing.TestDanhGia" name="TestDiemChu" time="0.001"/>
  <testcase classname="unit_testing.TestDanhGia" name="TestXepHang" time="0.000"/>
  <testcase classname="unit_testing.TestDanhGia" name="TestDiemChu" time="0.000"/>
  <testcase classname="unit_testing.TestDanhGia" name="TestDiemChu" time="0.001"/>
  <testcase classname="unit_testing.TestDanhGia" name="TestDiemChu" time="0.000"/>
  <testcase classname="unit_testing.TestDanhGia" name="TestDiemChu" time="0.001"/>
  <testcase classname="unit_testing.TestDanhGia" name="TestDiemChu" time="0.001"/>
  <testcase classname="unit_testing.TestDanhGia" name="TestDiemChu" time="0.006"/>
  <testcase classname="unit_testing.TestDanhGia" name="TestDiemChu" time="0.000"/>
  <testcase classname="unit_testing.TestDanhGia" name="TestDiemChu" time="0.001"/>
  <testcase classname="unit_testing.TestDanhGia" name="TestXepHang" time="0.001"/>
</testsuite> <!-- unit_testing.TestDanhGia -->
