<?xml version="1.0" encoding="UTF-8"?>
<!-- Generated by org.testng.reporters.JUnitReportReporter -->
<testsuite hostname="LAPTOP-C2JCA4PK" failures="0" tests="1" name="New.DDTExcel" time="0.000" errors="0" timestamp="04 Nov 2024 03:16:25 GMT" skipped="1">
  <testcase classname="New.DDTExcel" name="DemoProject" time="0.000">
    <skipped/>
  </testcase> <!-- DemoProject -->
</testsuite> <!-- New.DDTExcel -->
