<?xml version="1.0" encoding="UTF-8"?>
<!-- Generated by org.testng.reporters.JUnitReportReporter -->
<testsuite hostname="LAPTOP-C2JCA4PK" failures="0" tests="4" name="MySpiceProject.BookFlight" time="0.003" errors="0" timestamp="04 Nov 2024 02:15:21 GMT" skipped="0">
  <testcase classname="MySpiceProject.BookFlight" name="BookFlight_OneWay_Testcase1" time="0.000"/>
  <testcase classname="MySpiceProject.BookFlight" name="BookFlight_RoundTrip_Testcase2" time="0.002"/>
  <testcase classname="MySpiceProject.BookFlight" name="BookFlight_OneWay_Testcase2" time="0.000"/>
  <testcase classname="MySpiceProject.BookFlight" name="BookFlight_RoundTrip_Testcase1" time="0.001"/>
</testsuite> <!-- MySpiceProject.BookFlight -->
