<?xml version="1.0" encoding="UTF-8"?>
<!-- Generated by org.testng.reporters.JUnitReportReporter -->
<testsuite hostname="LAPTOP-C2JCA4PK" failures="0" tests="1" name="MySpiceProject.FlightStatus" time="0.001" errors="0" timestamp="04 Nov 2024 02:15:21 GMT" skipped="0">
  <testcase classname="MySpiceProject.FlightStatus" name="FlightStatustesttescase" time="0.001"/>
</testsuite> <!-- MySpiceProject.FlightStatus -->
