<?xml version="1.0" encoding="UTF-8"?>
<!-- Generated by org.testng.reporters.JUnitReportReporter -->
<testsuite hostname="LAPTOP-C2JCA4PK" failures="0" tests="3" name="MySpiceProject.BookHotel" time="0.001" errors="0" timestamp="04 Nov 2024 02:15:21 GMT" skipped="0">
  <testcase classname="MySpiceProject.BookHotel" name="BookHotel_CheckOut" time="0.000"/>
  <testcase classname="MySpiceProject.BookHotel" name="BookHotel_DestinationCity" time="0.001"/>
  <testcase classname="MySpiceProject.BookHotel" name="BookHotel_Checkin" time="0.000"/>
</testsuite> <!-- MySpiceProject.BookHotel -->
