<?xml version="1.0" encoding="UTF-8"?>
<!-- Generated by org.testng.reporters.JUnitReportReporter -->
<testsuite hostname="LAPTOP-C2JCA4PK" failures="0" tests="3" name="MySpiceProject.BookHolidayPackage" time="0.012" errors="0" timestamp="04 Nov 2024 02:15:21 GMT" skipped="0">
  <testcase classname="MySpiceProject.BookHolidayPackage" name="BookHolidayPackage_departure" time="0.011"/>
  <testcase classname="MySpiceProject.BookHolidayPackage" name="BookHolidayPackage_destination" time="0.001"/>
  <testcase classname="MySpiceProject.BookHolidayPackage" name="BookHolidayPackage_return" time="0.000"/>
</testsuite> <!-- MySpiceProject.BookHolidayPackage -->
